2020/02/21 23:40:22.379 [D]  my book is bought in the year of  2016
2020/02/21 23:40:22.379 [I]  this yellow cat is 3 years old
2020/02/21 23:40:22.379 [W]  json is a type of kv like map[key:2016]
2020/02/21 23:40:22.379 [E]  1024 is a very good game
2020/02/21 23:40:22.379 [C]  oh,crash
2020/02/21 23:40:57.832 [D]  my book is bought in the year of  2016
2020/02/21 23:40:57.832 [I]  this yellow cat is 3 years old
2020/02/21 23:40:57.832 [W]  json is a type of kv like map[key:2016]
2020/02/21 23:40:57.832 [E]  1024 is a very good game
2020/02/21 23:40:57.832 [C]  oh,crash
2020/02/21 23:48:38.615 [D]  my book is bought in the year of  2016
2020/02/21 23:48:38.615 [I]  this yellow cat is 3 years old
2020/02/21 23:48:38.615 [W]  json is a type of kv like map[key:2016]
2020/02/21 23:48:38.615 [E]  1024 is a very good game
2020/02/21 23:48:38.615 [C]  oh,crash
2020/02/21 23:55:36.356 [D]  my book is bought in the year of  2016
2020/02/21 23:55:36.356 [I]  this yellow cat is 3 years old
2020/02/21 23:55:36.356 [W]  json is a type of kv like map[key:2016]
2020/02/21 23:55:36.356 [E]  1024 is a very good game
2020/02/21 23:55:36.356 [C]  oh,crash
2020/02/21 23:55:50.649 [D]  my book is bought in the year of  2016
2020/02/21 23:55:50.649 [I]  this yellow cat is 3 years old
2020/02/21 23:55:50.649 [W]  json is a type of kv like map[key:2016]
2020/02/21 23:55:50.649 [E]  1024 is a very good game
2020/02/21 23:55:50.649 [C]  oh,crash
2020/02/21 23:57:15.056 [D]  my book is bought in the year of  2016
2020/02/21 23:57:15.056 [I]  this yellow cat is 3 years old
2020/02/21 23:57:15.056 [W]  json is a type of kv like map[key:2016]
2020/02/21 23:57:15.056 [E]  1024 is a very good game
2020/02/21 23:57:15.056 [C]  oh,crash
