2020/04/08 19:10:36.708 [I]  no master
2020/04/08 19:10:36.710 [I]  Nobody kown master, Elect localhost.localdomain as Master:
2020/04/08 19:12:31.100 [I]  no master
2020/04/08 19:12:31.101 [I]  Nobody kown master, Elect localhost.localdomain as Master:
2020/04/08 19:13:28.231 [I]  no master
2020/04/08 19:13:28.233 [I]  Nobody kown master, Elect localhost.localdomain as Master:
2020/04/08 19:50:22.497 [I]  no master
2020/04/08 19:50:22.498 [I]  Nobody kown master, Elect localhost.localdomain as Master:
2020/04/08 19:51:38.776 [I]  no master
2020/04/08 19:51:38.778 [I]  Nobody kown master, Elect localhost.localdomain as Master:
2020/04/08 20:00:32.953 [I]  no master
2020/04/08 20:00:32.954 [I]  Nobody kown master, Elect localhost.localdomain as Master:
2020/04/08 20:01:46.755 [I]  no master
2020/04/08 20:01:46.757 [I]  Nobody kown master, Elect localhost.localdomain as Master:
2020/04/08 20:04:54.837 [I]  no master
2020/04/08 20:04:54.838 [I]  Nobody kown master, Elect localhost.localdomain as Master:
2020/04/08 20:05:05.880 [W]  star push
2020/04/08 20:05:05.880 [W]  end push
2020/04/08 20:05:16.886 [W]  star push
2020/04/08 20:05:16.886 [W]  end push
2020/04/08 20:05:27.890 [W]  star push
2020/04/08 20:05:27.890 [W]  end push
2020/04/08 20:05:38.894 [W]  star push
2020/04/08 20:05:38.894 [W]  end push
2020/04/08 20:05:49.899 [W]  star push
2020/04/08 20:05:49.899 [W]  end push
2020/04/08 20:06:00.905 [W]  star push
2020/04/08 20:06:00.911 [W]  end push
2020/04/08 20:06:11.917 [W]  star push
2020/04/08 20:06:11.918 [W]  end push
2020/04/08 20:06:22.927 [W]  star push
2020/04/08 20:06:22.996 [W]  end push
2020/04/08 20:06:34.001 [W]  star push
2020/04/08 20:06:34.001 [W]  end push
2020/04/08 20:06:45.014 [W]  star push
2020/04/08 20:06:45.025 [W]  end push
2020/04/08 20:06:56.032 [W]  star push
2020/04/08 20:06:56.032 [W]  end push
2020/04/08 20:07:07.037 [W]  star push
2020/04/08 20:07:07.037 [W]  end push
2020/04/08 20:07:18.043 [W]  star push
2020/04/08 20:07:18.046 [W]  end push
2020/04/08 20:07:29.051 [W]  star push
2020/04/08 20:07:29.070 [W]  end push
2020/04/08 20:07:40.073 [W]  star push
2020/04/08 20:07:40.082 [W]  end push
2020/04/08 20:07:51.087 [W]  star push
2020/04/08 20:07:51.087 [W]  end push
2020/04/08 20:08:02.091 [W]  star push
2020/04/08 20:08:02.091 [W]  end push
2020/04/08 20:08:13.095 [W]  star push
2020/04/08 20:08:13.183 [W]  end push
2020/04/08 20:08:24.187 [W]  star push
2020/04/08 20:08:24.300 [W]  end push
2020/04/08 20:08:35.304 [W]  star push
2020/04/08 20:08:35.304 [W]  end push
2020/04/08 20:08:46.310 [W]  star push
2020/04/08 20:08:46.310 [W]  end push
2020/04/08 20:08:57.316 [W]  star push
2020/04/08 20:08:57.324 [W]  end push
2020/04/08 20:09:08.329 [W]  star push
2020/04/08 20:09:08.329 [W]  end push
2020/04/08 20:09:19.334 [W]  star push
2020/04/08 20:09:19.335 [W]  end push
2020/04/08 20:09:30.340 [W]  star push
2020/04/08 20:09:30.340 [W]  end push
2020/04/08 20:09:41.349 [W]  star push
2020/04/08 20:09:41.349 [W]  end push
2020/04/08 20:17:09.628 [I]  no master
2020/04/08 20:17:09.629 [I]  Nobody kown master, Elect localhost.localdomain as Master:
2020/04/08 20:17:20.657 [W]  star push
2020/04/08 20:17:20.658 [W]  end push
2020/04/08 20:17:31.665 [W]  star push
2020/04/08 20:17:31.665 [W]  end push
2020/04/08 20:17:42.673 [W]  star push
2020/04/08 20:17:42.673 [W]  end push
2020/04/08 20:17:53.679 [W]  star push
2020/04/08 20:17:53.679 [W]  end push
2020/04/08 20:18:04.686 [W]  star push
2020/04/08 20:18:04.687 [W]  end push
2020/04/08 20:18:15.693 [W]  star push
2020/04/08 20:18:15.693 [W]  end push
2020/04/08 20:18:26.699 [W]  star push
2020/04/08 20:18:26.700 [W]  end push
2020/04/08 20:18:37.705 [W]  star push
2020/04/08 20:18:37.706 [W]  end push
2020/04/08 20:18:48.712 [W]  star push
2020/04/08 20:18:48.712 [W]  end push
2020/04/08 20:18:59.718 [W]  star push
2020/04/08 20:18:59.718 [W]  end push
2020/04/08 20:19:10.723 [W]  star push
2020/04/08 20:19:10.723 [W]  end push
2020/04/08 20:19:21.729 [W]  star push
2020/04/08 20:19:21.729 [W]  end push
2020/04/08 20:19:32.735 [W]  star push
2020/04/08 20:19:32.735 [W]  end push
2020/04/08 20:19:43.740 [W]  star push
2020/04/08 20:19:43.740 [W]  end push
2020/04/08 20:19:54.746 [W]  star push
2020/04/08 20:19:54.746 [W]  end push
2020/04/08 20:20:05.750 [W]  star push
2020/04/08 20:20:05.751 [W]  end push
2020/04/08 20:20:16.755 [W]  star push
2020/04/08 20:20:16.756 [W]  end push
2020/04/08 20:20:27.762 [W]  star push
2020/04/08 20:20:27.762 [W]  end push
2020/04/08 20:20:38.769 [W]  star push
2020/04/08 20:20:38.769 [W]  end push
2020/04/08 20:20:49.773 [W]  star push
2020/04/08 20:20:49.774 [W]  end push
2020/04/08 20:21:00.778 [W]  star push
2020/04/08 20:21:00.778 [W]  end push
2020/04/08 20:21:11.785 [W]  star push
2020/04/08 20:21:11.785 [W]  end push
2020/04/08 20:21:22.789 [W]  star push
2020/04/08 20:21:22.789 [W]  end push
2020/04/08 20:21:33.794 [W]  star push
2020/04/08 20:21:33.794 [W]  end push
2020/04/08 20:21:44.799 [W]  star push
2020/04/08 20:21:44.800 [W]  end push
2020/04/08 20:21:55.803 [W]  star push
2020/04/08 20:21:55.804 [W]  end push
2020/04/08 20:22:06.807 [W]  star push
2020/04/08 20:22:06.807 [W]  end push
2020/04/08 20:22:17.811 [W]  star push
2020/04/08 20:22:17.811 [W]  end push
2020/04/08 20:22:28.814 [W]  star push
2020/04/08 20:22:28.814 [W]  end push
2020/04/08 20:22:39.817 [W]  star push
2020/04/08 20:22:39.817 [W]  end push
2020/04/08 20:22:50.822 [W]  star push
2020/04/08 20:22:50.830 [W]  end push
2020/04/08 20:23:01.834 [W]  star push
2020/04/08 20:23:01.834 [W]  end push
2020/04/08 20:23:12.838 [W]  star push
2020/04/08 20:23:12.838 [W]  end push
2020/04/08 20:23:23.840 [W]  star push
2020/04/08 20:23:23.840 [W]  end push
2020/04/08 20:23:34.848 [W]  star push
2020/04/08 20:23:34.848 [W]  end push
2020/04/08 20:23:45.853 [W]  star push
2020/04/08 20:23:45.858 [W]  end push
2020/04/08 20:23:56.861 [W]  star push
2020/04/08 20:23:56.876 [W]  end push
2020/04/08 20:24:07.881 [W]  star push
2020/04/08 20:24:07.899 [W]  end push
2020/04/08 20:24:18.903 [W]  star push
2020/04/08 20:24:18.913 [W]  end push
2020/04/08 20:24:29.919 [W]  star push
2020/04/08 20:24:29.919 [W]  end push
2020/04/08 20:24:40.924 [W]  star push
2020/04/08 20:24:40.924 [W]  end push
2020/04/08 20:24:51.933 [W]  star push
2020/04/08 20:24:51.947 [W]  end push
2020/04/08 20:25:02.960 [W]  star push
2020/04/08 20:25:02.960 [W]  end push
2020/04/08 20:25:13.965 [W]  star push
2020/04/08 20:25:13.966 [W]  end push
2020/04/08 20:25:24.974 [W]  star push
2020/04/08 20:25:24.974 [W]  end push
2020/04/09 05:10:24.315 [I]  no master
2020/04/09 05:10:24.316 [I]  Nobody kown master, Elect localhost as Master:
2020/04/09 05:10:43.033 [W]  star push
2020/04/09 05:10:43.033 [W]  end push
2020/04/09 05:10:54.057 [W]  star push
2020/04/09 05:10:55.554 [W]  end push
2020/04/09 05:11:06.575 [W]  star push
2020/04/09 05:11:06.575 [W]  end push
2020/04/09 05:11:17.587 [W]  star push
2020/04/09 05:11:17.669 [W]  end push
2020/04/09 05:11:28.697 [W]  star push
2020/04/09 05:11:31.155 [W]  end push
2020/04/09 05:11:42.178 [W]  star push
2020/04/09 05:11:42.178 [W]  end push
2020/04/09 05:11:53.201 [W]  star push
2020/04/09 05:11:53.859 [W]  end push
2020/04/09 05:12:04.895 [W]  star push
2020/04/09 05:12:09.024 [W]  end push
2020/04/09 05:12:20.062 [W]  star push
2020/04/09 05:12:20.062 [W]  end push
2020/04/09 05:12:31.091 [W]  star push
2020/04/09 05:12:31.532 [W]  end push
2020/04/09 05:12:42.566 [W]  star push
2020/04/09 05:12:42.566 [W]  end push
2020/04/09 05:12:53.601 [W]  star push
2020/04/09 05:12:53.601 [W]  end push
2020/04/09 05:13:04.631 [W]  star push
2020/04/09 05:13:04.631 [W]  end push
2020/04/09 05:13:15.659 [W]  star push
2020/04/09 05:13:15.659 [W]  end push
2020/04/09 05:13:26.686 [W]  star push
2020/04/09 05:13:48.503 [W]  end push
2020/04/09 05:13:59.528 [W]  star push
2020/04/09 05:13:59.528 [W]  end push
2020/04/09 05:14:10.556 [W]  star push
2020/04/09 05:14:10.557 [W]  end push
2020/04/09 05:14:21.587 [W]  star push
2020/04/09 05:14:50.112 [W]  end push
2020/04/09 05:15:01.142 [W]  star push
2020/04/09 05:15:01.601 [W]  end push
2020/04/09 05:15:12.617 [W]  star push
2020/04/09 05:15:12.757 [W]  end push
2020/04/09 05:15:23.780 [W]  star push
2020/04/09 05:15:23.780 [W]  end push
2020/04/09 05:15:34.812 [W]  star push
2020/04/09 05:15:34.812 [W]  end push
